2010-03-07 10:32:29 Warning: Warning (2): sqlite_popen() [<a href='http://php.net/function.sqlite-popen'>function.sqlite-popen</a>]: unable to open database: /home/pedro/Desarrollo/cooperachile/cooperachile.sqlite in [CORE/cake/libs/model/datasources/dbo/dbo_sqlite.php, line 108]
<<<<<<< .mine
2010-03-07 22:13:53 Warning: Warning (2): Invalid argument supplied for foreach() in [APP/views/organizaciones/perfil.ctp, line 25]
2010-03-07 22:19:50 Warning: Warning (2): Invalid argument supplied for foreach() in [APP/views/organizaciones/perfil.ctp, line 25]
2010-03-07 22:31:46 Warning: Warning (2): Invalid argument supplied for foreach() in [APP/views/organizaciones/perfil.ctp, line 25]
2010-03-07 22:31:48 Warning: Warning (2): Invalid argument supplied for foreach() in [APP/views/organizaciones/perfil.ctp, line 25]
2010-03-07 22:57:51 Warning: Warning (2): Invalid argument supplied for foreach() in [APP/views/organizaciones/perfil.ctp, line 25]
2010-03-07 22:57:52 Warning: Warning (2): Invalid argument supplied for foreach() in [APP/views/organizaciones/perfil.ctp, line 25]
2010-03-08 01:24:09 Warning: Warning (2): sqlite_query() [<a href='http://php.net/function.sqlite-query'>function.sqlite-query</a>]: operativos.localidad_id may not be NULL in [CORE/cake/libs/model/datasources/dbo/dbo_sqlite.php, line 133]
2010-03-08 01:24:09 Warning: Warning (2): sqlite_num_fields() expects parameter 1 to be resource, boolean given in [CORE/cake/libs/model/datasources/dbo/dbo_sqlite.php, line 369]
2010-03-08 01:24:09 Warning: Warning (2): sqlite_fetch_array() expects parameter 1 to be resource, boolean given in [CORE/cake/libs/model/datasources/dbo/dbo_sqlite.php, line 390]
2010-03-08 01:24:09 Warning: Warning (512): <span style = "color:Red;text-align:left"><b>SQL Error:</b> 19: constraint failed</span> in [CORE/cake/libs/model/datasources/dbo_source.php, line 525]
2010-03-08 01:26:29 Warning: Warning (2): sqlite_query() [<a href='http://php.net/function.sqlite-query'>function.sqlite-query</a>]: operativos.organizacion_id may not be NULL in [CORE/cake/libs/model/datasources/dbo/dbo_sqlite.php, line 133]
2010-03-08 01:26:29 Warning: Warning (2): sqlite_num_fields() expects parameter 1 to be resource, boolean given in [CORE/cake/libs/model/datasources/dbo/dbo_sqlite.php, line 369]
2010-03-08 01:26:29 Warning: Warning (2): sqlite_fetch_array() expects parameter 1 to be resource, boolean given in [CORE/cake/libs/model/datasources/dbo/dbo_sqlite.php, line 390]
2010-03-08 01:26:29 Warning: Warning (512): <span style = "color:Red;text-align:left"><b>SQL Error:</b> 19: constraint failed</span> in [CORE/cake/libs/model/datasources/dbo_source.php, line 525]
2010-03-08 01:36:43 Warning: Warning (2): array_merge() [<a href='http://php.net/function.array-merge'>function.array-merge</a>]: Argument #2 is not an array in [CORE/cake/libs/view/helpers/form.php, line 581]
2010-03-08 01:54:32 Warning: Warning (2): Missing argument 1 for OperativosController::agregar(), called in /usr/share/php/cake/libs/object.php on line 115 and defined in [APP/controllers/operativos_controller.php, line 5]
2010-03-08 01:54:32 Warning: Warning (2): Cannot modify header information - headers already sent by (output started at /usr/share/php/cake/basics.php:111) in [CORE/cake/libs/controller/controller.php, line 640]
2010-03-08 03:07:21 Warning: Warning (2): Cannot modify header information - headers already sent by (output started at /home/pedro/Desarrollo/coordinachile/svn/coordinachile/controllers/operativos_controller.php:26) in [CORE/cake/libs/controller/controller.php, line 640]
=======
2010-03-07 23:58:35 Warning: Warning (2): sqlite_query() [<a href='http://php.net/function.sqlite-query'>function.sqlite-query</a>]: organizaciones.tipo_organizacion_id may not be NULL in [CORE/cake/libs/model/datasources/dbo/dbo_sqlite.php, line 141]
2010-03-07 23:58:35 Warning: Warning (2): sqlite_num_fields() expects parameter 1 to be resource, boolean given in [CORE/cake/libs/model/datasources/dbo/dbo_sqlite.php, line 378]
2010-03-07 23:58:35 Warning: Warning (2): sqlite_fetch_array() expects parameter 1 to be resource, boolean given in [CORE/cake/libs/model/datasources/dbo/dbo_sqlite.php, line 399]
2010-03-07 23:58:35 Warning: Warning (512): <span style = "color:Red;text-align:left"><b>SQL Error:</b> 19: constraint failed</span> in [CORE/cake/libs/model/datasources/dbo_source.php, line 527]
2010-03-08 00:55:23 Warning: Warning (2): Cannot modify header information - headers already sent by (output started at /home/pablo/Escritorio/proj/coordinachile/controllers/areas_controller.php:30) in [CORE/cake/libs/controller/controller.php, line 647]
>>>>>>> .r6
<<<<<<< .mine
2010-03-08 14:27:48 Warning: Warning (2): sqlite_popen() [<a href='http://php.net/function.sqlite-popen'>function.sqlite-popen</a>]: unable to open database: /home/pablo/coordinachile.sqlite in [CORE/cake/libs/model/datasources/dbo/dbo_sqlite.php, line 108]
2010-03-08 17:15:50 Warning: Warning (2): Missing argument 1 for OrganizacionesController::ver(), called in /home/cei/coordchile/cakephp-cakephp1x-ef18ab2/cake/libs/object.php on line 116 and defined in [APP/controllers/organizaciones_controller.php, line 43]
2010-03-08 17:15:50 Warning: Warning (2): Missing argument 1 for OrganizacionesController::ver(), called in /home/cei/coordchile/cakephp-cakephp1x-ef18ab2/cake/libs/object.php on line 116 and defined in [APP/controllers/organizaciones_controller.php, line 43]
2010-03-08 17:23:33 Warning: Warning (2): sqlite_query() [<a href='http://php.net/function.sqlite-query'>function.sqlite-query</a>]: ambiguous column name: id in [CORE/cake/libs/model/datasources/dbo/dbo_sqlite.php, line 141]
2010-03-08 17:23:33 Warning: Warning (512): <span style = "color:Red;text-align:left"><b>SQL Error:</b> 1: SQL logic error or missing database</span> in [CORE/cake/libs/model/datasources/dbo_source.php, line 527]
2010-03-08 18:53:11 Warning: Warning (2): sqlite_query() [<a href='http://php.net/function.sqlite-query'>function.sqlite-query</a>]: no such column: Catstro.id in [CORE/cake/libs/model/datasources/dbo/dbo_sqlite.php, line 141]
2010-03-08 18:53:11 Warning: Warning (512): <span style = "color:Red;text-align:left"><b>SQL Error:</b> 1: SQL logic error or missing database</span> in [CORE/cake/libs/model/datasources/dbo_source.php, line 527]
2010-03-08 18:53:12 Warning: Warning (2): sqlite_query() [<a href='http://php.net/function.sqlite-query'>function.sqlite-query</a>]: no such column: Catstro.id in [CORE/cake/libs/model/datasources/dbo/dbo_sqlite.php, line 141]
2010-03-08 18:53:12 Warning: Warning (512): <span style = "color:Red;text-align:left"><b>SQL Error:</b> 1: SQL logic error or missing database</span> in [CORE/cake/libs/model/datasources/dbo_source.php, line 527]
2010-03-08 19:19:27 Warning: Warning (2): extract() [<a href='http://php.net/function.extract'>function.extract</a>]: First argument should be an array in [CORE/cake/libs/error.php, line 128]
=======
2010-03-08 14:57:58 Warning: Warning (2): sqlite_popen() [<a href='http://php.net/function.sqlite-popen'>function.sqlite-popen</a>]: unable to open database: /home/pablo/coordinachile.sqlite in [CORE/cake/libs/model/datasources/dbo/dbo_sqlite.php, line 108]
2010-03-08 14:57:58 Warning: Warning (2): sqlite_query() expects parameter 1 to be resource, string given in [CORE/cake/libs/model/datasources/dbo/dbo_sqlite.php, line 133]
2010-03-08 14:57:59 Warning: Warning (2): sqlite_last_error() expects parameter 1 to be resource, boolean given in [CORE/cake/libs/model/datasources/dbo/dbo_sqlite.php, line 285]
2010-03-08 14:58:02 Warning: Warning (2): sqlite_popen() [<a href='http://php.net/function.sqlite-popen'>function.sqlite-popen</a>]: unable to open database: /home/pablo/coordinachile.sqlite in [CORE/cake/libs/model/datasources/dbo/dbo_sqlite.php, line 108]
2010-03-08 14:58:02 Warning: Warning (2): sqlite_query() expects parameter 1 to be resource, string given in [CORE/cake/libs/model/datasources/dbo/dbo_sqlite.php, line 133]
2010-03-08 14:58:02 Warning: Warning (2): sqlite_last_error() expects parameter 1 to be resource, boolean given in [CORE/cake/libs/model/datasources/dbo/dbo_sqlite.php, line 285]
2010-03-08 15:03:04 Warning: Warning (2): Cannot modify header information - headers already sent by (output started at /home/pedro/Desarrollo/coordinachile/svn/coordinachile/controllers/operativos_controller.php:26) in [CORE/cake/libs/controller/controller.php, line 640]
2010-03-08 17:11:23 Warning: Warning (2): Invalid argument supplied for foreach() in [APP/views/operativos/ver.ctp, line 15]
2010-03-08 18:21:10 Warning: Warning (2): Missing argument 1 for OperativosController::agregar(), called in /usr/share/php/cake/libs/object.php on line 115 and defined in [APP/controllers/operativos_controller.php, line 7]
2010-03-08 18:21:10 Warning: Warning (2): sqlite_query() [<a href='http://php.net/function.sqlite-query'>function.sqlite-query</a>]: operativos.localidad_id may not be NULL in [CORE/cake/libs/model/datasources/dbo/dbo_sqlite.php, line 133]
2010-03-08 18:21:10 Warning: Warning (2): sqlite_num_fields() expects parameter 1 to be resource, boolean given in [CORE/cake/libs/model/datasources/dbo/dbo_sqlite.php, line 369]
2010-03-08 18:21:10 Warning: Warning (2): sqlite_fetch_array() expects parameter 1 to be resource, boolean given in [CORE/cake/libs/model/datasources/dbo/dbo_sqlite.php, line 390]
2010-03-08 18:21:10 Warning: Warning (512): <span style = "color:Red;text-align:left"><b>SQL Error:</b> 19: constraint failed</span> in [CORE/cake/libs/model/datasources/dbo_source.php, line 525]
2010-03-08 18:21:10 Warning: Warning (2): Cannot modify header information - headers already sent by (output started at /usr/share/php/cake/basics.php:111) in [CORE/cake/libs/controller/controller.php, line 640]
2010-03-08 18:25:24 Warning: Warning (2): Missing argument 1 for OperativosController::agregar(), called in /usr/share/php/cake/libs/object.php on line 115 and defined in [APP/controllers/operativos_controller.php, line 7]
2010-03-08 18:25:24 Warning: Warning (2): sqlite_query() [<a href='http://php.net/function.sqlite-query'>function.sqlite-query</a>]: operativos.organizacion_id may not be NULL in [CORE/cake/libs/model/datasources/dbo/dbo_sqlite.php, line 133]
2010-03-08 18:25:24 Warning: Warning (2): sqlite_num_fields() expects parameter 1 to be resource, boolean given in [CORE/cake/libs/model/datasources/dbo/dbo_sqlite.php, line 369]
2010-03-08 18:25:24 Warning: Warning (2): sqlite_fetch_array() expects parameter 1 to be resource, boolean given in [CORE/cake/libs/model/datasources/dbo/dbo_sqlite.php, line 390]
2010-03-08 18:25:24 Warning: Warning (512): <span style = "color:Red;text-align:left"><b>SQL Error:</b> 19: constraint failed</span> in [CORE/cake/libs/model/datasources/dbo_source.php, line 525]
2010-03-08 18:25:24 Warning: Warning (2): Cannot modify header information - headers already sent by (output started at /usr/share/php/cake/basics.php:111) in [CORE/cake/libs/controller/controller.php, line 640]
2010-03-08 18:27:23 Warning: Warning (2): sqlite_escape_string() expects parameter 1 to be string, array given in [CORE/cake/libs/model/datasources/dbo/dbo_sqlite.php, line 240]
2010-03-08 18:27:23 Warning: Warning (2): sqlite_query() [<a href='http://php.net/function.sqlite-query'>function.sqlite-query</a>]: near &quot;''&quot;: syntax error in [CORE/cake/libs/model/datasources/dbo/dbo_sqlite.php, line 133]
2010-03-08 18:27:23 Warning: Warning (512): <span style = "color:Red;text-align:left"><b>SQL Error:</b> 1: SQL logic error or missing database</span> in [CORE/cake/libs/model/datasources/dbo_source.php, line 525]
2010-03-08 18:27:23 Warning: Warning (2): Invalid argument supplied for foreach() in [APP/views/operativos/ver.ctp, line 19]
2010-03-08 18:28:56 Warning: Warning (2): sqlite_escape_string() expects parameter 1 to be string, array given in [CORE/cake/libs/model/datasources/dbo/dbo_sqlite.php, line 240]
2010-03-08 18:28:56 Warning: Warning (2): sqlite_query() [<a href='http://php.net/function.sqlite-query'>function.sqlite-query</a>]: near &quot;''&quot;: syntax error in [CORE/cake/libs/model/datasources/dbo/dbo_sqlite.php, line 133]
2010-03-08 18:28:56 Warning: Warning (512): <span style = "color:Red;text-align:left"><b>SQL Error:</b> 1: SQL logic error or missing database</span> in [CORE/cake/libs/model/datasources/dbo_source.php, line 525]
2010-03-08 18:28:56 Warning: Warning (2): Invalid argument supplied for foreach() in [APP/views/operativos/ver.ctp, line 19]
2010-03-08 18:29:37 Warning: Warning (2): sqlite_query() [<a href='http://php.net/function.sqlite-query'>function.sqlite-query</a>]: no such column: Recurso.tipo_recurso_id IN in [CORE/cake/libs/model/datasources/dbo/dbo_sqlite.php, line 133]
2010-03-08 18:29:37 Warning: Warning (512): <span style = "color:Red;text-align:left"><b>SQL Error:</b> 1: SQL logic error or missing database</span> in [CORE/cake/libs/model/datasources/dbo_source.php, line 525]
2010-03-08 18:29:37 Warning: Warning (2): Invalid argument supplied for foreach() in [APP/views/operativos/ver.ctp, line 19]
2010-03-08 18:38:25 Warning: Warning (2): Cannot modify header information - headers already sent by (output started at /usr/share/php/cake/basics.php:108) in [CORE/cake/libs/controller/controller.php, line 640]
>>>>>>> .r9
